<?xml version="1.0" encoding="UTF-8"?>
<testsuite xmlns:xsi="http://www.w3.org/2001/XMLSchema-instance" xsi:noNamespaceSchemaLocation="https://maven.apache.org/surefire/maven-surefire-plugin/xsd/surefire-test-report.xsd" name="my_pet_clinic.controllers.VisitControllerTest" time="0.106" tests="2" errors="0" skipped="0" failures="1">
  <properties>
[...]
</properties>
  <testcase name="processNewVisitForm" classname="my_pet_clinic.controllers.VisitControllerTest" time="0.026">
    <failure message="Range for response status value 200 expected:&lt;REDIRECTION&gt; but was:&lt;SUCCESSFUL&gt;" type="java.lang.AssertionError"><![CDATA[java.lang.AssertionError: Range for response status value 200 expected:<REDIRECTION> but was:<SUCCESSFUL>
	at my_pet_clinic.controllers.VisitControllerTest.processNewVisitForm(VisitControllerTest.java:99)
]]></failure>
    <system-out><![CDATA[16:32:54.751 [main] DEBUG org.hibernate.validator.internal.engine.resolver.TraversableResolvers - Found javax.persistence.Persistence on classpath containing 'getPersistenceUtil'. Assuming JPA 2 environment. Trying to instantiate JPA aware TraversableResolver
16:32:54.752 [main] DEBUG org.hibernate.validator.internal.engine.resolver.TraversableResolvers - Instantiated JPA aware TraversableResolver of type org.hibernate.validator.internal.engine.resolver.JPATraversableResolver.
16:32:54.752 [main] DEBUG org.hibernate.validator.messageinterpolation.ResourceBundleMessageInterpolator - Loaded expression factory via original TCCL
16:32:54.752 [main] DEBUG org.hibernate.validator.internal.engine.ConfigurationImpl - Setting custom MessageInterpolator of type org.springframework.validation.beanvalidation.LocaleContextMessageInterpolator
16:32:54.752 [main] DEBUG org.hibernate.validator.internal.engine.ConfigurationImpl - Setting custom ParameterNameProvider of type org.springframework.validation.beanvalidation.LocalValidatorFactoryBean$1
16:32:54.752 [main] DEBUG org.hibernate.validator.internal.xml.config.ValidationXmlParser - Trying to load META-INF/validation.xml for XML based Validator configuration.
16:32:54.752 [main] DEBUG org.hibernate.validator.internal.xml.config.ResourceLoaderHelper - Trying to load META-INF/validation.xml via TCCL
16:32:54.753 [main] DEBUG org.hibernate.validator.internal.xml.config.ResourceLoaderHelper - Trying to load META-INF/validation.xml via Hibernate Validator's class loader
16:32:54.753 [main] DEBUG org.hibernate.validator.internal.xml.config.ValidationXmlParser - No META-INF/validation.xml found. Using annotation based configuration only.
16:32:54.756 [main] DEBUG org.hibernate.validator.internal.engine.ValidatorFactoryImpl - HV000234: Using org.springframework.validation.beanvalidation.LocaleContextMessageInterpolator as ValidatorFactory-scoped message interpolator.
16:32:54.764 [main] DEBUG org.hibernate.validator.internal.engine.ValidatorFactoryImpl - HV000234: Using org.hibernate.validator.internal.engine.resolver.JPATraversableResolver as ValidatorFactory-scoped traversable resolver.
16:32:54.764 [main] DEBUG org.hibernate.validator.internal.engine.ValidatorFactoryImpl - HV000234: Using org.hibernate.validator.internal.util.ExecutableParameterNameProvider as ValidatorFactory-scoped parameter name provider.
16:32:54.764 [main] DEBUG org.hibernate.validator.internal.engine.ValidatorFactoryImpl - HV000234: Using org.hibernate.validator.internal.engine.DefaultClockProvider as ValidatorFactory-scoped clock provider.
16:32:54.764 [main] DEBUG org.hibernate.validator.internal.engine.ValidatorFactoryImpl - HV000234: Using org.hibernate.validator.internal.engine.scripting.DefaultScriptEvaluatorFactory as ValidatorFactory-scoped script evaluator factory.
16:32:54.766 [main] DEBUG org.springframework.web.servlet.mvc.method.annotation.RequestMappingHandlerMapping - 2 mappings in <unknown>
16:32:54.771 [main] DEBUG org.springframework.web.servlet.mvc.method.annotation.RequestMappingHandlerAdapter - ControllerAdvice beans: 0 @ModelAttribute, 0 @InitBinder, 1 RequestBodyAdvice, 1 ResponseBodyAdvice
16:32:54.773 [main] DEBUG org.springframework.web.servlet.mvc.method.annotation.ExceptionHandlerExceptionResolver - ControllerAdvice beans: 0 @ExceptionHandler, 1 ResponseBodyAdvice
16:32:54.773 [main] INFO org.springframework.mock.web.MockServletContext - Initializing Spring TestDispatcherServlet ''
16:32:54.773 [main] INFO org.springframework.test.web.servlet.TestDispatcherServlet - Initializing Servlet ''
16:32:54.773 [main] DEBUG org.springframework.test.web.servlet.TestDispatcherServlet - Detected AcceptHeaderLocaleResolver
16:32:54.773 [main] DEBUG org.springframework.test.web.servlet.TestDispatcherServlet - Detected FixedThemeResolver
16:32:54.773 [main] DEBUG org.springframework.test.web.servlet.TestDispatcherServlet - Detected org.springframework.web.servlet.view.DefaultRequestToViewNameTranslator@456bcb74
16:32:54.773 [main] DEBUG org.springframework.test.web.servlet.TestDispatcherServlet - Detected org.springframework.web.servlet.support.SessionFlashMapManager@a9c5b75
16:32:54.773 [main] DEBUG org.springframework.test.web.servlet.TestDispatcherServlet - enableLoggingRequestDetails='false': request parameters and headers will be masked to prevent unsafe logging of potentially sensitive data
16:32:54.773 [main] INFO org.springframework.test.web.servlet.TestDispatcherServlet - Completed initialization in 0 ms
16:32:54.774 [main] DEBUG org.springframework.test.web.servlet.TestDispatcherServlet - POST "/owners/1/pets/1/visits/new", parameters={masked}
16:32:54.774 [main] DEBUG org.springframework.web.servlet.mvc.method.annotation.RequestMappingHandlerMapping - Mapped to my_pet_clinic.controllers.VisitController#processNewVisitForm(Visit, BindingResult)
16:32:54.805 [main] DEBUG org.springframework.web.servlet.view.InternalResourceView - View [InternalResourceView], model {pet=my_pet_clinic.model.Pet@5b5b59, visit=my_pet_clinic.model.Visit@568750b7, org.springframework.validation.BindingResult.visit=org.springframework.validation.BeanPropertyBindingResult: 1 errors
Field error in object 'visit' on field 'date': rejected value [2018-11-11]; codes [typeMismatch.visit.date,typeMismatch.date,typeMismatch.java.time.LocalDate,typeMismatch]; arguments [org.springframework.context.support.DefaultMessageSourceResolvable: codes [visit.date,date]; arguments []; default message [date]]; default message [Failed to convert property value of type 'java.lang.String' to required type 'java.time.LocalDate' for property 'date'; nested exception is org.springframework.core.convert.ConversionFailedException: Failed to convert from type [java.lang.String] to type [@javax.persistence.Column java.time.LocalDate] for value '2018-11-11'; nested exception is java.lang.IllegalArgumentException: Parse attempt failed for value [2018-11-11]], org.springframework.validation.BindingResult.pet=org.springframework.validation.BeanPropertyBindingResult: 0 errors}
16:32:54.805 [main] DEBUG org.springframework.web.servlet.view.InternalResourceView - Forwarding to [pets/createOrUpdateVisitForm]
16:32:54.805 [main] DEBUG org.springframework.mock.web.MockRequestDispatcher - MockRequestDispatcher: forwarding to [pets/createOrUpdateVisitForm]
16:32:54.805 [main] DEBUG org.springframework.test.web.servlet.TestDispatcherServlet - Completed 200 OK
]]></system-out>
  </testcase>
  <testcase name="initNewVisitForm" classname="my_pet_clinic.controllers.VisitControllerTest" time="0.08"/>
</testsuite>